<?xml version="1.0" encoding="UTF-8"?>
<coverage generated="1489447948">
  <project timestamp="1489447948">
    <package name="William">
      <file name="/home/william/mysites/mycardgame/src/Battlefield.php">
        <class name="Battlefield" namespace="William">
          <metrics methods="1" coveredmethods="1" conditionals="0" coveredconditionals="0" statements="1" coveredstatements="1" elements="2" coveredelements="2"/>
        </class>
        <line num="6" type="method" name="add" crap="1" count="7"/>
        <line num="8" type="stmt" count="7"/>
        <metrics loc="9" ncloc="9" classes="1" methods="1" coveredmethods="1" conditionals="0" coveredconditionals="0" statements="1" coveredstatements="1" elements="2" coveredelements="2"/>
      </file>
      <file name="/home/william/mysites/mycardgame/src/CardCollection.php">
        <class name="CardCollection" namespace="William">
          <metrics methods="3" coveredmethods="3" conditionals="0" coveredconditionals="0" statements="8" coveredstatements="8" elements="11" coveredelements="11"/>
        </class>
        <line num="15" type="method" name="getByName" crap="3" count="8"/>
        <line num="17" type="stmt" count="8"/>
        <line num="18" type="stmt" count="8"/>
        <line num="19" type="stmt" count="7"/>
        <line num="20" type="stmt" count="8"/>
        <line num="23" type="stmt" count="1"/>
        <line num="26" type="method" name="add" crap="1" count="10"/>
        <line num="28" type="stmt" count="10"/>
        <line num="29" type="stmt" count="10"/>
        <line num="31" type="method" name="size" crap="1" count="4"/>
        <line num="33" type="stmt" count="4"/>
        <metrics loc="35" ncloc="29" classes="1" methods="3" coveredmethods="3" conditionals="0" coveredconditionals="0" statements="8" coveredstatements="8" elements="11" coveredelements="11"/>
      </file>
      <file name="/home/william/mysites/mycardgame/src/Deck.php">
        <class name="Deck" namespace="William">
          <metrics methods="5" coveredmethods="5" conditionals="0" coveredconditionals="0" statements="19" coveredstatements="19" elements="24" coveredelements="24"/>
        </class>
        <line num="14" type="method" name="__construct" crap="2" count="25"/>
        <line num="16" type="stmt" count="25"/>
        <line num="17" type="stmt" count="25"/>
        <line num="18" type="stmt" count="25"/>
        <line num="19" type="stmt" count="25"/>
        <line num="21" type="stmt" count="25"/>
        <line num="22" type="stmt" count="25"/>
        <line num="23" type="stmt" count="25"/>
        <line num="25" type="method" name="cards" crap="1" count="3"/>
        <line num="27" type="stmt" count="3"/>
        <line num="30" type="method" name="drawCard" crap="1" count="12"/>
        <line num="32" type="stmt" count="12"/>
        <line num="35" type="method" name="draw" crap="3" count="14"/>
        <line num="37" type="stmt" count="14"/>
        <line num="38" type="stmt" count="14"/>
        <line num="39" type="stmt" count="14"/>
        <line num="40" type="stmt" count="1"/>
        <line num="42" type="stmt" count="14"/>
        <line num="43" type="stmt" count="14"/>
        <line num="44" type="stmt" count="14"/>
        <line num="45" type="stmt" count="14"/>
        <line num="48" type="stmt" count="14"/>
        <line num="51" type="method" name="size" crap="1" count="1"/>
        <line num="53" type="stmt" count="1"/>
        <metrics loc="55" ncloc="55" classes="1" methods="5" coveredmethods="5" conditionals="0" coveredconditionals="0" statements="19" coveredstatements="19" elements="24" coveredelements="24"/>
      </file>
      <file name="/home/william/mysites/mycardgame/src/Game.php">
        <class name="Game" namespace="William">
          <metrics methods="9" coveredmethods="9" conditionals="0" coveredconditionals="0" statements="23" coveredstatements="23" elements="32" coveredelements="32"/>
        </class>
        <line num="13" type="method" name="__construct" crap="1" count="18"/>
        <line num="15" type="stmt" count="18"/>
        <line num="16" type="stmt" count="18"/>
        <line num="17" type="stmt" count="18"/>
        <line num="18" type="stmt" count="18"/>
        <line num="20" type="method" name="activePlayer" crap="1" count="12"/>
        <line num="22" type="stmt" count="12"/>
        <line num="25" type="method" name="start" crap="3" count="17"/>
        <line num="27" type="stmt" count="17"/>
        <line num="28" type="stmt" count="1"/>
        <line num="29" type="stmt" count="16"/>
        <line num="30" type="stmt" count="1"/>
        <line num="33" type="stmt" count="15"/>
        <line num="34" type="stmt" count="15"/>
        <line num="35" type="stmt" count="15"/>
        <line num="37" type="method" name="drawOpeningHands" crap="3" count="10"/>
        <line num="39" type="stmt" count="10"/>
        <line num="40" type="stmt" count="10"/>
        <line num="41" type="stmt" count="10"/>
        <line num="44" type="stmt" count="10"/>
        <line num="46" type="method" name="players" crap="1" count="3"/>
        <line num="48" type="stmt" count="3"/>
        <line num="51" type="method" name="addPlayer" crap="1" count="16"/>
        <line num="53" type="stmt" count="16"/>
        <line num="54" type="stmt" count="16"/>
        <line num="56" type="method" name="started" crap="1" count="2"/>
        <line num="58" type="stmt" count="2"/>
        <line num="61" type="method" name="turn" crap="1" count="1"/>
        <line num="63" type="stmt" count="1"/>
        <line num="66" type="method" name="endTurn" crap="1" count="1"/>
        <line num="68" type="stmt" count="1"/>
        <line num="69" type="stmt" count="1"/>
        <metrics loc="70" ncloc="70" classes="1" methods="9" coveredmethods="9" conditionals="0" coveredconditionals="0" statements="23" coveredstatements="23" elements="32" coveredelements="32"/>
      </file>
      <file name="/home/william/mysites/mycardgame/src/Hand.php">
        <class name="Hand" namespace="William">
          <metrics methods="0" coveredmethods="0" conditionals="0" coveredconditionals="0" statements="0" coveredstatements="0" elements="0" coveredelements="0"/>
        </class>
        <metrics loc="7" ncloc="7" classes="1" methods="0" coveredmethods="0" conditionals="0" coveredconditionals="0" statements="0" coveredstatements="0" elements="0" coveredelements="0"/>
      </file>
      <file name="/home/william/mysites/mycardgame/src/Mana.php">
        <class name="Mana" namespace="William">
          <metrics methods="3" coveredmethods="3" conditionals="0" coveredconditionals="0" statements="8" coveredstatements="8" elements="11" coveredelements="11"/>
        </class>
        <line num="15" type="method" name="__construct" crap="1" count="4"/>
        <line num="17" type="stmt" count="4"/>
        <line num="18" type="stmt" count="4"/>
        <line num="23" type="method" name="findByName" crap="3" count="5"/>
        <line num="26" type="stmt" count="5"/>
        <line num="27" type="stmt" count="2"/>
        <line num="29" type="stmt" count="4"/>
        <line num="30" type="stmt" count="3"/>
        <line num="34" type="stmt" count="1"/>
        <line num="37" type="method" name="type" crap="1" count="2"/>
        <line num="39" type="stmt" count="2"/>
        <metrics loc="41" ncloc="33" classes="1" methods="3" coveredmethods="3" conditionals="0" coveredconditionals="0" statements="8" coveredstatements="8" elements="11" coveredelements="11"/>
      </file>
      <file name="/home/william/mysites/mycardgame/src/Manapool.php">
        <class name="Manapool" namespace="William">
          <metrics methods="2" coveredmethods="2" conditionals="0" coveredconditionals="0" statements="3" coveredstatements="3" elements="5" coveredelements="5"/>
        </class>
        <line num="8" type="method" name="add" crap="1" count="4"/>
        <line num="10" type="stmt" count="4"/>
        <line num="11" type="stmt" count="4"/>
        <line num="13" type="method" name="size" crap="1" count="3"/>
        <line num="15" type="stmt" count="3"/>
        <metrics loc="17" ncloc="17" classes="1" methods="2" coveredmethods="2" conditionals="0" coveredconditionals="0" statements="3" coveredstatements="3" elements="5" coveredelements="5"/>
      </file>
      <file name="/home/william/mysites/mycardgame/src/Player.php">
        <class name="Player" namespace="William">
          <metrics methods="7" coveredmethods="7" conditionals="0" coveredconditionals="0" statements="21" coveredstatements="21" elements="28" coveredelements="28"/>
        </class>
        <line num="16" type="method" name="__construct" crap="2" count="18"/>
        <line num="18" type="stmt" count="18"/>
        <line num="19" type="stmt" count="18"/>
        <line num="21" type="stmt" count="18"/>
        <line num="22" type="stmt" count="18"/>
        <line num="23" type="stmt" count="18"/>
        <line num="25" type="stmt" count="18"/>
        <line num="26" type="stmt" count="18"/>
        <line num="27" type="stmt" count="18"/>
        <line num="29" type="method" name="deck" crap="1" count="11"/>
        <line num="31" type="stmt" count="11"/>
        <line num="34" type="method" name="hand" crap="1" count="10"/>
        <line num="36" type="stmt" count="10"/>
        <line num="39" type="method" name="play" crap="2" count="8"/>
        <line num="41" type="stmt" count="8"/>
        <line num="42" type="stmt" count="8"/>
        <line num="43" type="stmt" count="1"/>
        <line num="45" type="stmt" count="7"/>
        <line num="46" type="stmt" count="7"/>
        <line num="48" type="method" name="tap" crap="3" count="4"/>
        <line num="50" type="stmt" count="4"/>
        <line num="51" type="stmt" count="4"/>
        <line num="52" type="stmt" count="4"/>
        <line num="54" type="stmt" count="4"/>
        <line num="56" type="method" name="health" crap="1" count="1"/>
        <line num="58" type="stmt" count="1"/>
        <line num="64" type="method" name="manaPool" crap="1" count="5"/>
        <line num="66" type="stmt" count="5"/>
        <metrics loc="68" ncloc="63" classes="1" methods="7" coveredmethods="7" conditionals="0" coveredconditionals="0" statements="21" coveredstatements="21" elements="28" coveredelements="28"/>
      </file>
    </package>
    <package name="William\Cards">
      <file name="/home/william/mysites/mycardgame/src/Cards/BasicLand.php">
        <class name="BasicLand" namespace="William\Cards">
          <metrics methods="1" coveredmethods="1" conditionals="0" coveredconditionals="0" statements="1" coveredstatements="1" elements="2" coveredelements="2"/>
        </class>
        <line num="9" type="method" name="tapsFor" crap="1" count="4"/>
        <line num="11" type="stmt" count="4"/>
        <metrics loc="13" ncloc="13" classes="1" methods="1" coveredmethods="1" conditionals="0" coveredconditionals="0" statements="1" coveredstatements="1" elements="2" coveredelements="2"/>
      </file>
      <file name="/home/william/mysites/mycardgame/src/Cards/Card.php">
        <class name="Card" namespace="William\Cards">
          <metrics methods="11" coveredmethods="11" conditionals="0" coveredconditionals="0" statements="25" coveredstatements="25" elements="36" coveredelements="36"/>
        </class>
        <line num="14" type="method" name="__construct" crap="2" count="38"/>
        <line num="16" type="stmt" count="38"/>
        <line num="18" type="stmt" count="38"/>
        <line num="19" type="stmt" count="38"/>
        <line num="21" type="stmt" count="38"/>
        <line num="26" type="method" name="loadCardByName" crap="2" count="38"/>
        <line num="29" type="stmt" count="38"/>
        <line num="30" type="stmt" count="38"/>
        <line num="31" type="stmt" count="38"/>
        <line num="32" type="stmt" count="38"/>
        <line num="33" type="stmt" count="38"/>
        <line num="35" type="stmt" count="38"/>
        <line num="36" type="stmt" count="38"/>
        <line num="37" type="stmt" count="38"/>
        <line num="38" type="stmt" count="38"/>
        <line num="40" type="stmt" count="38"/>
        <line num="45" type="method" name="make" crap="1" count="38"/>
        <line num="47" type="stmt" count="38"/>
        <line num="50" type="method" name="convertedManaCost" crap="1" count="1"/>
        <line num="52" type="stmt" count="1"/>
        <line num="54" type="method" name="castingCost" crap="1" count="1"/>
        <line num="56" type="stmt" count="1"/>
        <line num="59" type="method" name="isLand" crap="1" count="6"/>
        <line num="61" type="stmt" count="6"/>
        <line num="64" type="method" name="isCreature" crap="1" count="2"/>
        <line num="66" type="stmt" count="2"/>
        <line num="69" type="method" name="tap" crap="1" count="3"/>
        <line num="71" type="stmt" count="3"/>
        <line num="72" type="stmt" count="3"/>
        <line num="74" type="method" name="tapped" crap="1" count="4"/>
        <line num="76" type="stmt" count="4"/>
        <line num="79" type="method" name="unTap" crap="1" count="1"/>
        <line num="81" type="stmt" count="1"/>
        <line num="82" type="stmt" count="1"/>
        <line num="85" type="method" name="name" crap="1" count="8"/>
        <line num="87" type="stmt" count="8"/>
        <metrics loc="89" ncloc="81" classes="1" methods="11" coveredmethods="11" conditionals="0" coveredconditionals="0" statements="25" coveredstatements="25" elements="36" coveredelements="36"/>
      </file>
      <file name="/home/william/mysites/mycardgame/src/Cards/Creature.php">
        <class name="Creature" namespace="William\Cards">
          <metrics methods="2" coveredmethods="2" conditionals="0" coveredconditionals="0" statements="2" coveredstatements="2" elements="4" coveredelements="4"/>
        </class>
        <line num="10" type="method" name="toughness" crap="1" count="1"/>
        <line num="12" type="stmt" count="1"/>
        <line num="15" type="method" name="power" crap="1" count="1"/>
        <line num="17" type="stmt" count="1"/>
        <metrics loc="19" ncloc="19" classes="1" methods="2" coveredmethods="2" conditionals="0" coveredconditionals="0" statements="2" coveredstatements="2" elements="4" coveredelements="4"/>
      </file>
    </package>
    <package name="William\Exceptions">
      <file name="/home/william/mysites/mycardgame/src/Exceptions/ManaTypeNotFoundException.php">
        <class name="ManaTypeNotFoundException" namespace="William\Exceptions">
          <metrics methods="0" coveredmethods="0" conditionals="0" coveredconditionals="0" statements="0" coveredstatements="0" elements="0" coveredelements="0"/>
        </class>
        <metrics loc="7" ncloc="7" classes="1" methods="0" coveredmethods="0" conditionals="0" coveredconditionals="0" statements="0" coveredstatements="0" elements="0" coveredelements="0"/>
      </file>
      <file name="/home/william/mysites/mycardgame/src/Exceptions/NoCardsLeftException.php">
        <class name="NoCardsLeftException" namespace="William\Exceptions">
          <metrics methods="0" coveredmethods="0" conditionals="0" coveredconditionals="0" statements="0" coveredstatements="0" elements="0" coveredelements="0"/>
        </class>
        <metrics loc="7" ncloc="7" classes="1" methods="0" coveredmethods="0" conditionals="0" coveredconditionals="0" statements="0" coveredstatements="0" elements="0" coveredelements="0"/>
      </file>
      <file name="/home/william/mysites/mycardgame/src/Exceptions/NoPlayersException.php">
        <class name="NoPlayersException" namespace="William\Exceptions">
          <metrics methods="0" coveredmethods="0" conditionals="0" coveredconditionals="0" statements="0" coveredstatements="0" elements="0" coveredelements="0"/>
        </class>
        <metrics loc="7" ncloc="7" classes="1" methods="0" coveredmethods="0" conditionals="0" coveredconditionals="0" statements="0" coveredstatements="0" elements="0" coveredelements="0"/>
      </file>
      <file name="/home/william/mysites/mycardgame/src/Exceptions/NotEnoughManaException.php">
        <class name="NotEnoughManaException" namespace="William\Exceptions">
          <metrics methods="0" coveredmethods="0" conditionals="0" coveredconditionals="0" statements="0" coveredstatements="0" elements="0" coveredelements="0"/>
        </class>
        <metrics loc="13" ncloc="7" classes="1" methods="0" coveredmethods="0" conditionals="0" coveredconditionals="0" statements="0" coveredstatements="0" elements="0" coveredelements="0"/>
      </file>
      <file name="/home/william/mysites/mycardgame/src/Exceptions/NotEnoughPlayersException.php">
        <class name="NotEnoughPlayersException" namespace="William\Exceptions">
          <metrics methods="0" coveredmethods="0" conditionals="0" coveredconditionals="0" statements="0" coveredstatements="0" elements="0" coveredelements="0"/>
        </class>
        <metrics loc="7" ncloc="7" classes="1" methods="0" coveredmethods="0" conditionals="0" coveredconditionals="0" statements="0" coveredstatements="0" elements="0" coveredelements="0"/>
      </file>
    </package>
    <metrics files="16" loc="464" ncloc="431" classes="16" methods="44" coveredmethods="44" conditionals="0" coveredconditionals="0" statements="111" coveredstatements="111" elements="155" coveredelements="155"/>
  </project>
</coverage>
