<?xml version="1.0" encoding="UTF-8"?>
<coverage generated="1488321729">
  <project timestamp="1488321729">
    <package name="William">
      <file name="/home/cabox/workspace/src/Card.php">
        <class name="Card" namespace="William">
          <metrics methods="7" coveredmethods="7" conditionals="0" coveredconditionals="0" statements="20" coveredstatements="20" elements="27" coveredelements="27"/>
        </class>
        <line num="12" type="method" name="__construct" crap="1" count="21"/>
        <line num="13" type="stmt" count="21"/>
        <line num="14" type="stmt" count="21"/>
        <line num="16" type="stmt" count="21"/>
        <line num="18" type="stmt" count="21"/>
        <line num="20" type="method" name="loadCardByName" crap="2" count="21"/>
        <line num="22" type="stmt" count="21"/>
        <line num="23" type="stmt" count="21"/>
        <line num="24" type="stmt" count="21"/>
        <line num="25" type="stmt" count="21"/>
        <line num="27" type="stmt" count="21"/>
        <line num="28" type="stmt" count="21"/>
        <line num="29" type="stmt" count="21"/>
        <line num="30" type="stmt" count="21"/>
        <line num="31" type="stmt" count="21"/>
        <line num="33" type="method" name="isLand" crap="1" count="2"/>
        <line num="34" type="stmt" count="2"/>
        <line num="37" type="method" name="isCreature" crap="1" count="2"/>
        <line num="38" type="stmt" count="2"/>
        <line num="41" type="method" name="tap" crap="1" count="2"/>
        <line num="42" type="stmt" count="2"/>
        <line num="43" type="stmt" count="2"/>
        <line num="45" type="method" name="tapped" crap="1" count="3"/>
        <line num="46" type="stmt" count="3"/>
        <line num="48" type="method" name="unTap" crap="1" count="1"/>
        <line num="49" type="stmt" count="1"/>
        <line num="50" type="stmt" count="1"/>
        <metrics loc="51" ncloc="49" classes="1" methods="7" coveredmethods="7" conditionals="0" coveredconditionals="0" statements="20" coveredstatements="20" elements="27" coveredelements="27"/>
      </file>
      <file name="/home/cabox/workspace/src/Deck.php">
        <class name="Deck" namespace="William">
          <metrics methods="4" coveredmethods="4" conditionals="0" coveredconditionals="0" statements="21" coveredstatements="21" elements="25" coveredelements="25"/>
        </class>
        <line num="10" type="method" name="__construct" crap="2" count="13"/>
        <line num="11" type="stmt" count="13"/>
        <line num="12" type="stmt" count="13"/>
        <line num="13" type="stmt" count="13"/>
        <line num="14" type="stmt" count="13"/>
        <line num="15" type="stmt" count="13"/>
        <line num="16" type="stmt" count="13"/>
        <line num="17" type="stmt" count="13"/>
        <line num="18" type="method" name="cards" crap="1" count="3"/>
        <line num="19" type="stmt" count="3"/>
        <line num="22" type="method" name="draw" crap="3" count="6"/>
        <line num="23" type="stmt" count="6"/>
        <line num="24" type="stmt" count="4"/>
        <line num="25" type="stmt" count="4"/>
        <line num="26" type="stmt" count="4"/>
        <line num="27" type="stmt" count="4"/>
        <line num="28" type="stmt" count="4"/>
        <line num="29" type="stmt" count="4"/>
        <line num="30" type="stmt" count="4"/>
        <line num="31" type="stmt" count="4"/>
        <line num="33" type="stmt" count="2"/>
        <line num="34" type="stmt" count="2"/>
        <line num="35" type="stmt" count="2"/>
        <line num="39" type="method" name="size" crap="1" count="1"/>
        <line num="40" type="stmt" count="1"/>
        <metrics loc="42" ncloc="42" classes="1" methods="4" coveredmethods="4" conditionals="0" coveredconditionals="0" statements="21" coveredstatements="21" elements="25" coveredelements="25"/>
      </file>
      <file name="/home/cabox/workspace/src/Game.php">
        <class name="Game" namespace="William">
          <metrics methods="6" coveredmethods="6" conditionals="0" coveredconditionals="0" statements="17" coveredstatements="17" elements="23" coveredelements="23"/>
        </class>
        <line num="10" type="method" name="__construct" crap="1" count="8"/>
        <line num="11" type="stmt" count="8"/>
        <line num="12" type="stmt" count="8"/>
        <line num="13" type="stmt" count="8"/>
        <line num="15" type="method" name="start" crap="3" count="7"/>
        <line num="16" type="stmt" count="7"/>
        <line num="17" type="stmt" count="1"/>
        <line num="18" type="stmt" count="6"/>
        <line num="19" type="stmt" count="1"/>
        <line num="22" type="stmt" count="5"/>
        <line num="23" type="stmt" count="5"/>
        <line num="25" type="method" name="drawHands" crap="2" count="3"/>
        <line num="26" type="stmt" count="3"/>
        <line num="27" type="stmt" count="3"/>
        <line num="28" type="stmt" count="3"/>
        <line num="29" type="stmt" count="3"/>
        <line num="31" type="method" name="players" crap="1" count="4"/>
        <line num="32" type="stmt" count="4"/>
        <line num="35" type="method" name="addPlayer" crap="1" count="6"/>
        <line num="36" type="stmt" count="6"/>
        <line num="37" type="stmt" count="6"/>
        <line num="39" type="method" name="started" crap="1" count="2"/>
        <line num="40" type="stmt" count="2"/>
        <metrics loc="42" ncloc="42" classes="1" methods="6" coveredmethods="6" conditionals="0" coveredconditionals="0" statements="17" coveredstatements="17" elements="23" coveredelements="23"/>
      </file>
      <file name="/home/cabox/workspace/src/Hand.php">
        <class name="Hand" namespace="William">
          <metrics methods="1" coveredmethods="1" conditionals="0" coveredconditionals="0" statements="1" coveredstatements="1" elements="2" coveredelements="2"/>
        </class>
        <line num="8" type="method" name="size" crap="1" count="1"/>
        <line num="9" type="stmt" count="1"/>
        <metrics loc="11" ncloc="11" classes="1" methods="1" coveredmethods="1" conditionals="0" coveredconditionals="0" statements="1" coveredstatements="1" elements="2" coveredelements="2"/>
      </file>
      <file name="/home/cabox/workspace/src/Player.php">
        <class name="Player" namespace="William">
          <metrics methods="7" coveredmethods="7" conditionals="0" coveredconditionals="0" statements="9" coveredstatements="9" elements="16" coveredelements="16"/>
        </class>
        <line num="9" type="method" name="__construct" crap="1" count="8"/>
        <line num="10" type="stmt" count="8"/>
        <line num="11" type="stmt" count="8"/>
        <line num="12" type="stmt" count="8"/>
        <line num="14" type="method" name="deck" crap="1" count="4"/>
        <line num="15" type="stmt" count="4"/>
        <line num="18" type="method" name="hand" crap="1" count="1"/>
        <line num="19" type="stmt" count="1"/>
        <line num="22" type="method" name="play" crap="1" count="1"/>
        <line num="24" type="stmt" count="1"/>
        <line num="25" type="method" name="tap" crap="1" count="1"/>
        <line num="27" type="stmt" count="1"/>
        <line num="28" type="method" name="health" crap="1" count="1"/>
        <line num="29" type="stmt" count="1"/>
        <line num="31" type="method" name="manaPool" crap="1" count="1"/>
        <line num="32" type="stmt" count="1"/>
        <metrics loc="34" ncloc="34" classes="1" methods="7" coveredmethods="7" conditionals="0" coveredconditionals="0" statements="9" coveredstatements="9" elements="16" coveredelements="16"/>
      </file>
    </package>
    <package name="William\Exceptions">
      <file name="/home/cabox/workspace/src/Exceptions/NoPlayersException.php">
        <class name="NoPlayersException" namespace="William\Exceptions">
          <metrics methods="0" coveredmethods="0" conditionals="0" coveredconditionals="0" statements="0" coveredstatements="0" elements="0" coveredelements="0"/>
        </class>
        <metrics loc="6" ncloc="6" classes="1" methods="0" coveredmethods="0" conditionals="0" coveredconditionals="0" statements="0" coveredstatements="0" elements="0" coveredelements="0"/>
      </file>
      <file name="/home/cabox/workspace/src/Exceptions/NotEnoughPlayersException.php">
        <class name="NotEnoughPlayersException" namespace="William\Exceptions">
          <metrics methods="0" coveredmethods="0" conditionals="0" coveredconditionals="0" statements="0" coveredstatements="0" elements="0" coveredelements="0"/>
        </class>
        <metrics loc="6" ncloc="6" classes="1" methods="0" coveredmethods="0" conditionals="0" coveredconditionals="0" statements="0" coveredstatements="0" elements="0" coveredelements="0"/>
      </file>
    </package>
    <metrics files="7" loc="192" ncloc="190" classes="7" methods="25" coveredmethods="25" conditionals="0" coveredconditionals="0" statements="68" coveredstatements="68" elements="93" coveredelements="93"/>
  </project>
</coverage>
